2019-07-04 15:53:17.655 INFO [main]com.climber.swagger.SwaggerApplication.logStarting:50 -Starting SwaggerApplication on Derlin-PC with PID 2000 (E:\Source\Java\swagger\swagger\target\classes started by Derlin in E:\Source\Java\swagger\swagger)
2019-07-04 15:53:17.659 INFO [main]com.climber.swagger.SwaggerApplication.logStartupProfileInfo:675 -No active profile set, falling back to default profiles: default
2019-07-04 15:53:19.034 INFO [main]o.s.c.s.PostProcessorRegistrationDelegate$BeanPostProcessorChecker.postProcessAfterInitialization:330 -Bean 'org.springframework.transaction.annotation.ProxyTransactionManagementConfiguration' of type [org.springframework.transaction.annotation.ProxyTransactionManagementConfiguration$$EnhancerBySpringCGLIB$$a6527aa5] is not eligible for getting processed by all BeanPostProcessors (for example: not eligible for auto-proxying)
2019-07-04 15:53:19.636 INFO [main]o.s.boot.web.embedded.tomcat.TomcatWebServer.initialize:90 -Tomcat initialized with port(s): 8080 (http)
2019-07-04 15:53:19.649 INFO [main]org.apache.coyote.http11.Http11NioProtocol.log:173 -Initializing ProtocolHandler ["http-nio-8080"]
2019-07-04 15:53:19.659 INFO [main]org.apache.catalina.core.StandardService.log:173 -Starting service [Tomcat]
2019-07-04 15:53:19.659 INFO [main]org.apache.catalina.core.StandardEngine.log:173 -Starting Servlet Engine: Apache Tomcat/9.0.13
2019-07-04 15:53:19.669 INFO [main]org.apache.catalina.core.AprLifecycleListener.log:173 -The APR based Apache Tomcat Native library which allows optimal performance in production environments was not found on the java.library.path: [D:\Program Files\Java\jdk1.8.0_191\bin;C:\WINDOWS\Sun\Java\bin;C:\WINDOWS\system32;C:\WINDOWS;D:/Program Files/Java/jdk1.8.0_191/bin/../jre/bin/server;D:/Program Files/Java/jdk1.8.0_191/bin/../jre/bin;D:/Program Files/Java/jdk1.8.0_191/bin/../jre/lib/amd64;D:\Program Files\Anaconda3;D:\Program Files\Anaconda3\Library\mingw-w64\bin;D:\Program Files\Anaconda3\Library\usr\bin;D:\Program Files\Anaconda3\Library\bin;D:\Program Files\Anaconda3\Scripts;C:\Program Files (x86)\Intel\iCLS Client\;C:\Program Files\Intel\iCLS Client\;C:\WINDOWS\system32;C:\WINDOWS;C:\WINDOWS\System32\Wbem;C:\WINDOWS\System32\WindowsPowerShell\v1.0\;C:\Program Files (x86)\Intel\Intel(R) Management Engine Components\DAL;C:\Program Files\Intel\Intel(R) Management Engine Components\DAL;C:\Program Files (x86)\Intel\Intel(R) Management Engine Components\IPT;C:\Program Files\Intel\Intel(R) Management Engine Components\IPT;D:\Program Files\Java\jdk1.8.0_191\bin;D:\Program Files\Java\jdk1.8.0_191\jre\bin;D:\Program Files (x86)\Microsoft SQL Server\100\Tools\Binn\;D:\Program Files\Microsoft SQL Server\100\Tools\Binn\;D:\Program Files\Microsoft SQL Server\100\DTS\Binn\;D:\Program Files (x86)\Microsoft SQL Server\100\Tools\Binn\VSShell\Common7\IDE\;D:\Program Files (x86)\Microsoft SQL Server\100\DTS\Binn\;C:\Program Files (x86)\Microsoft Visual Studio 9.0\Common7\IDE\PrivateAssemblies\;C:\Program Files\Microsoft\Web Platform Installer\;C:\Program Files (x86)\Microsoft ASP.NET\ASP.NET Web Pages\v1.0\;C:\Program Files\Microsoft SQL Server\110\Tools\Binn\;D:\Program Files\maven\bin;C:\WINDOWS\System32\OpenSSH\;D:\Program Files\Microsoft VS Code\bin;D:\Program Files\Gradle\bin;D:\Program Files\nodejs\;C:\Program Files\Intel\WiFi\bin\;C:\Program Files\Common Files\Intel\WirelessCommon\;D:\Program Files\Git\cmd\;D:\Program Files\erl9.3\bin\;C:\WINDOWS\system32\config\systemprofile\.dnx\bin;C:\Program Files\Microsoft DNX\Dnvm\;C:\Program Files\Microsoft SQL Server\120\Tools\Binn\;C:\Program Files\Microsoft SQL Server\130\Tools\Binn\;D:\Program Files\Python\Python37\Scripts\;D:\Program Files\Python\Python37\;C:\Users\Derlin\AppData\Local\Microsoft\WindowsApps;D:\Program Files\Microsoft VS Code\bin;C:\Users\Derlin\AppData\Roaming\npm;C:\WINDOWS\system32;;.]
2019-07-04 15:53:19.788 INFO [main]o.a.catalina.core.ContainerBase.[Tomcat].[localhost].[/].log:173 -Initializing Spring embedded WebApplicationContext
2019-07-04 15:53:19.789 INFO [main]org.springframework.web.context.ContextLoader.prepareWebApplicationContext:296 -Root WebApplicationContext: initialization completed in 2087 ms
2019-07-04 15:53:19.794 INFO [main]com.climber.swagger.config.DruidDBConfig.druidServlet:30 -init Druid Servlet Configuration 
2019-07-04 15:53:20.794 INFO [main]s.d.s.web.PropertySourcedRequestMappingHandlerMapping.initHandlerMethods:69 -Mapped URL path [/v2/api-docs] onto method [public org.springframework.http.ResponseEntity<springfox.documentation.spring.web.json.Json> springfox.documentation.swagger2.web.Swagger2Controller.getDocumentation(java.lang.String,javax.servlet.http.HttpServletRequest)]
2019-07-04 15:53:21.028 INFO [main]o.s.scheduling.concurrent.ThreadPoolTaskExecutor.initialize:171 -Initializing ExecutorService 'applicationTaskExecutor'
2019-07-04 15:53:21.311 INFO [main]s.d.spring.web.plugins.DocumentationPluginsBootstrapper.start:160 -Context refreshed
2019-07-04 15:53:21.347 INFO [main]s.d.spring.web.plugins.DocumentationPluginsBootstrapper.start:163 -Found 1 custom documentation plugin(s)
2019-07-04 15:53:21.386 INFO [main]s.d.spring.web.scanners.ApiListingReferenceScanner.scan:41 -Scanning for api listing references
2019-07-04 15:53:21.572 INFO [main]org.apache.coyote.http11.Http11NioProtocol.log:173 -Starting ProtocolHandler ["http-nio-8080"]
2019-07-04 15:53:21.582 INFO [main]org.apache.tomcat.util.net.NioSelectorPool.log:173 -Using a shared selector for servlet write/read
2019-07-04 15:53:21.589 INFO [main]org.apache.coyote.http11.Http11NioProtocol.log:173 -Pausing ProtocolHandler ["http-nio-8080"]
2019-07-04 15:53:21.589 INFO [main]org.apache.catalina.core.StandardService.log:173 -Stopping service [Tomcat]
2019-07-04 15:53:21.617 INFO [main]org.apache.catalina.util.LifecycleBase.log:173 -The stop() method was called on component [StandardServer[-1]] after stop() had already been called. The second call will be ignored.
2019-07-04 15:53:21.617 INFO [main]org.apache.coyote.http11.Http11NioProtocol.log:173 -Stopping ProtocolHandler ["http-nio-8080"]
2019-07-04 15:53:21.618 INFO [main]org.apache.coyote.http11.Http11NioProtocol.log:173 -Destroying ProtocolHandler ["http-nio-8080"]
2019-07-04 15:53:21.620 INFO [main]o.s.b.a.logging.ConditionEvaluationReportLoggingListener.logMessage:142 -

Error starting ApplicationContext. To display the conditions report re-run your application with 'debug' enabled.
2019-07-04 15:53:21.626 INFO [main]o.s.scheduling.concurrent.ThreadPoolTaskExecutor.shutdown:208 -Shutting down ExecutorService 'applicationTaskExecutor'
2019-07-04 15:53:21.630 INFO [main]com.alibaba.druid.pool.DruidDataSource.close:1885 -{dataSource-0} closing ...
2019-07-04 15:53:41.501 INFO [main]com.climber.swagger.SwaggerApplication.logStarting:50 -Starting SwaggerApplication on Derlin-PC with PID 11456 (E:\Source\Java\swagger\swagger\target\classes started by Derlin in E:\Source\Java\swagger\swagger)
2019-07-04 15:53:41.504 INFO [main]com.climber.swagger.SwaggerApplication.logStartupProfileInfo:675 -No active profile set, falling back to default profiles: default
2019-07-04 15:53:42.704 INFO [main]o.s.c.s.PostProcessorRegistrationDelegate$BeanPostProcessorChecker.postProcessAfterInitialization:330 -Bean 'org.springframework.transaction.annotation.ProxyTransactionManagementConfiguration' of type [org.springframework.transaction.annotation.ProxyTransactionManagementConfiguration$$EnhancerBySpringCGLIB$$5b4baffb] is not eligible for getting processed by all BeanPostProcessors (for example: not eligible for auto-proxying)
2019-07-04 15:53:43.298 INFO [main]o.s.boot.web.embedded.tomcat.TomcatWebServer.initialize:90 -Tomcat initialized with port(s): 8080 (http)
2019-07-04 15:53:43.311 INFO [main]org.apache.coyote.http11.Http11NioProtocol.log:173 -Initializing ProtocolHandler ["http-nio-8080"]
2019-07-04 15:53:43.324 INFO [main]org.apache.catalina.core.StandardService.log:173 -Starting service [Tomcat]
2019-07-04 15:53:43.324 INFO [main]org.apache.catalina.core.StandardEngine.log:173 -Starting Servlet Engine: Apache Tomcat/9.0.13
2019-07-04 15:53:43.335 INFO [main]org.apache.catalina.core.AprLifecycleListener.log:173 -The APR based Apache Tomcat Native library which allows optimal performance in production environments was not found on the java.library.path: [D:\Program Files\Java\jdk1.8.0_191\bin;C:\WINDOWS\Sun\Java\bin;C:\WINDOWS\system32;C:\WINDOWS;D:/Program Files/Java/jdk1.8.0_191/bin/../jre/bin/server;D:/Program Files/Java/jdk1.8.0_191/bin/../jre/bin;D:/Program Files/Java/jdk1.8.0_191/bin/../jre/lib/amd64;D:\Program Files\Anaconda3;D:\Program Files\Anaconda3\Library\mingw-w64\bin;D:\Program Files\Anaconda3\Library\usr\bin;D:\Program Files\Anaconda3\Library\bin;D:\Program Files\Anaconda3\Scripts;C:\Program Files (x86)\Intel\iCLS Client\;C:\Program Files\Intel\iCLS Client\;C:\WINDOWS\system32;C:\WINDOWS;C:\WINDOWS\System32\Wbem;C:\WINDOWS\System32\WindowsPowerShell\v1.0\;C:\Program Files (x86)\Intel\Intel(R) Management Engine Components\DAL;C:\Program Files\Intel\Intel(R) Management Engine Components\DAL;C:\Program Files (x86)\Intel\Intel(R) Management Engine Components\IPT;C:\Program Files\Intel\Intel(R) Management Engine Components\IPT;D:\Program Files\Java\jdk1.8.0_191\bin;D:\Program Files\Java\jdk1.8.0_191\jre\bin;D:\Program Files (x86)\Microsoft SQL Server\100\Tools\Binn\;D:\Program Files\Microsoft SQL Server\100\Tools\Binn\;D:\Program Files\Microsoft SQL Server\100\DTS\Binn\;D:\Program Files (x86)\Microsoft SQL Server\100\Tools\Binn\VSShell\Common7\IDE\;D:\Program Files (x86)\Microsoft SQL Server\100\DTS\Binn\;C:\Program Files (x86)\Microsoft Visual Studio 9.0\Common7\IDE\PrivateAssemblies\;C:\Program Files\Microsoft\Web Platform Installer\;C:\Program Files (x86)\Microsoft ASP.NET\ASP.NET Web Pages\v1.0\;C:\Program Files\Microsoft SQL Server\110\Tools\Binn\;D:\Program Files\maven\bin;C:\WINDOWS\System32\OpenSSH\;D:\Program Files\Microsoft VS Code\bin;D:\Program Files\Gradle\bin;D:\Program Files\nodejs\;C:\Program Files\Intel\WiFi\bin\;C:\Program Files\Common Files\Intel\WirelessCommon\;D:\Program Files\Git\cmd\;D:\Program Files\erl9.3\bin\;C:\WINDOWS\system32\config\systemprofile\.dnx\bin;C:\Program Files\Microsoft DNX\Dnvm\;C:\Program Files\Microsoft SQL Server\120\Tools\Binn\;C:\Program Files\Microsoft SQL Server\130\Tools\Binn\;D:\Program Files\Python\Python37\Scripts\;D:\Program Files\Python\Python37\;C:\Users\Derlin\AppData\Local\Microsoft\WindowsApps;D:\Program Files\Microsoft VS Code\bin;C:\Users\Derlin\AppData\Roaming\npm;C:\WINDOWS\system32;;.]
2019-07-04 15:53:43.429 INFO [main]o.a.catalina.core.ContainerBase.[Tomcat].[localhost].[/].log:173 -Initializing Spring embedded WebApplicationContext
2019-07-04 15:53:43.429 INFO [main]org.springframework.web.context.ContextLoader.prepareWebApplicationContext:296 -Root WebApplicationContext: initialization completed in 1885 ms
2019-07-04 15:53:43.435 INFO [main]com.climber.swagger.config.DruidDBConfig.druidServlet:30 -init Druid Servlet Configuration 
2019-07-04 15:53:44.199 INFO [main]s.d.s.web.PropertySourcedRequestMappingHandlerMapping.initHandlerMethods:69 -Mapped URL path [/v2/api-docs] onto method [public org.springframework.http.ResponseEntity<springfox.documentation.spring.web.json.Json> springfox.documentation.swagger2.web.Swagger2Controller.getDocumentation(java.lang.String,javax.servlet.http.HttpServletRequest)]
2019-07-04 15:53:44.320 INFO [main]o.s.scheduling.concurrent.ThreadPoolTaskExecutor.initialize:171 -Initializing ExecutorService 'applicationTaskExecutor'
2019-07-04 15:53:44.547 INFO [main]s.d.spring.web.plugins.DocumentationPluginsBootstrapper.start:160 -Context refreshed
2019-07-04 15:53:44.574 INFO [main]s.d.spring.web.plugins.DocumentationPluginsBootstrapper.start:163 -Found 1 custom documentation plugin(s)
2019-07-04 15:53:44.608 INFO [main]s.d.spring.web.scanners.ApiListingReferenceScanner.scan:41 -Scanning for api listing references
2019-07-04 15:53:44.817 INFO [main]org.apache.coyote.http11.Http11NioProtocol.log:173 -Starting ProtocolHandler ["http-nio-8080"]
2019-07-04 15:53:44.828 INFO [main]org.apache.tomcat.util.net.NioSelectorPool.log:173 -Using a shared selector for servlet write/read
2019-07-04 15:53:44.846 INFO [main]o.s.boot.web.embedded.tomcat.TomcatWebServer.start:204 -Tomcat started on port(s): 8080 (http) with context path ''
2019-07-04 15:53:44.850 INFO [main]com.climber.swagger.SwaggerApplication.logStarted:59 -Started SwaggerApplication in 3.793 seconds (JVM running for 4.267)
2019-07-04 15:53:47.741 INFO [http-nio-8080-exec-1]o.a.catalina.core.ContainerBase.[Tomcat].[localhost].[/].log:173 -Initializing Spring DispatcherServlet 'dispatcherServlet'
2019-07-04 15:53:47.741 INFO [http-nio-8080-exec-1]org.springframework.web.servlet.DispatcherServlet.initServletBean:524 -Initializing Servlet 'dispatcherServlet'
2019-07-04 15:53:47.750 INFO [http-nio-8080-exec-1]org.springframework.web.servlet.DispatcherServlet.initServletBean:546 -Completed initialization in 9 ms
2019-07-04 16:36:41.935 INFO [main]com.climber.swagger.SwaggerApplication.logStarting:50 -Starting SwaggerApplication on Derlin-PC with PID 3132 (E:\Source\Java\swagger\swagger\target\classes started by Derlin in E:\Source\Java\swagger\swagger)
2019-07-04 16:36:41.939 INFO [main]com.climber.swagger.SwaggerApplication.logStartupProfileInfo:675 -No active profile set, falling back to default profiles: default
2019-07-04 16:36:43.347 INFO [main]o.s.c.s.PostProcessorRegistrationDelegate$BeanPostProcessorChecker.postProcessAfterInitialization:330 -Bean 'org.springframework.transaction.annotation.ProxyTransactionManagementConfiguration' of type [org.springframework.transaction.annotation.ProxyTransactionManagementConfiguration$$EnhancerBySpringCGLIB$$903421] is not eligible for getting processed by all BeanPostProcessors (for example: not eligible for auto-proxying)
2019-07-04 16:36:44.029 INFO [main]o.s.boot.web.embedded.tomcat.TomcatWebServer.initialize:90 -Tomcat initialized with port(s): 8080 (http)
2019-07-04 16:36:44.043 INFO [main]org.apache.coyote.http11.Http11NioProtocol.log:173 -Initializing ProtocolHandler ["http-nio-8080"]
2019-07-04 16:36:44.052 INFO [main]org.apache.catalina.core.StandardService.log:173 -Starting service [Tomcat]
2019-07-04 16:36:44.053 INFO [main]org.apache.catalina.core.StandardEngine.log:173 -Starting Servlet Engine: Apache Tomcat/9.0.13
2019-07-04 16:36:44.064 INFO [main]org.apache.catalina.core.AprLifecycleListener.log:173 -The APR based Apache Tomcat Native library which allows optimal performance in production environments was not found on the java.library.path: [D:\Program Files\Java\jdk1.8.0_191\bin;C:\WINDOWS\Sun\Java\bin;C:\WINDOWS\system32;C:\WINDOWS;D:/Program Files/Java/jdk1.8.0_191/bin/../jre/bin/server;D:/Program Files/Java/jdk1.8.0_191/bin/../jre/bin;D:/Program Files/Java/jdk1.8.0_191/bin/../jre/lib/amd64;D:\Program Files\Anaconda3;D:\Program Files\Anaconda3\Library\mingw-w64\bin;D:\Program Files\Anaconda3\Library\usr\bin;D:\Program Files\Anaconda3\Library\bin;D:\Program Files\Anaconda3\Scripts;C:\Program Files (x86)\Intel\iCLS Client\;C:\Program Files\Intel\iCLS Client\;C:\WINDOWS\system32;C:\WINDOWS;C:\WINDOWS\System32\Wbem;C:\WINDOWS\System32\WindowsPowerShell\v1.0\;C:\Program Files (x86)\Intel\Intel(R) Management Engine Components\DAL;C:\Program Files\Intel\Intel(R) Management Engine Components\DAL;C:\Program Files (x86)\Intel\Intel(R) Management Engine Components\IPT;C:\Program Files\Intel\Intel(R) Management Engine Components\IPT;D:\Program Files\Java\jdk1.8.0_191\bin;D:\Program Files\Java\jdk1.8.0_191\jre\bin;D:\Program Files (x86)\Microsoft SQL Server\100\Tools\Binn\;D:\Program Files\Microsoft SQL Server\100\Tools\Binn\;D:\Program Files\Microsoft SQL Server\100\DTS\Binn\;D:\Program Files (x86)\Microsoft SQL Server\100\Tools\Binn\VSShell\Common7\IDE\;D:\Program Files (x86)\Microsoft SQL Server\100\DTS\Binn\;C:\Program Files (x86)\Microsoft Visual Studio 9.0\Common7\IDE\PrivateAssemblies\;C:\Program Files\Microsoft\Web Platform Installer\;C:\Program Files (x86)\Microsoft ASP.NET\ASP.NET Web Pages\v1.0\;C:\Program Files\Microsoft SQL Server\110\Tools\Binn\;D:\Program Files\maven\bin;C:\WINDOWS\System32\OpenSSH\;D:\Program Files\Microsoft VS Code\bin;D:\Program Files\Gradle\bin;D:\Program Files\nodejs\;C:\Program Files\Intel\WiFi\bin\;C:\Program Files\Common Files\Intel\WirelessCommon\;D:\Program Files\Git\cmd\;D:\Program Files\erl9.3\bin\;C:\WINDOWS\system32\config\systemprofile\.dnx\bin;C:\Program Files\Microsoft DNX\Dnvm\;C:\Program Files\Microsoft SQL Server\120\Tools\Binn\;C:\Program Files\Microsoft SQL Server\130\Tools\Binn\;D:\Program Files\Python\Python37\Scripts\;D:\Program Files\Python\Python37\;C:\Users\Derlin\AppData\Local\Microsoft\WindowsApps;D:\Program Files\Microsoft VS Code\bin;C:\Users\Derlin\AppData\Roaming\npm;C:\WINDOWS\system32;;.]
2019-07-04 16:36:44.180 INFO [main]o.a.catalina.core.ContainerBase.[Tomcat].[localhost].[/].log:173 -Initializing Spring embedded WebApplicationContext
2019-07-04 16:36:44.180 INFO [main]org.springframework.web.context.ContextLoader.prepareWebApplicationContext:296 -Root WebApplicationContext: initialization completed in 2197 ms
2019-07-04 16:36:44.186 INFO [main]com.climber.swagger.config.DruidDBConfig.druidServlet:30 -init Druid Servlet Configuration 
2019-07-04 16:36:45.090 INFO [main]s.d.s.web.PropertySourcedRequestMappingHandlerMapping.initHandlerMethods:69 -Mapped URL path [/v2/api-docs] onto method [public org.springframework.http.ResponseEntity<springfox.documentation.spring.web.json.Json> springfox.documentation.swagger2.web.Swagger2Controller.getDocumentation(java.lang.String,javax.servlet.http.HttpServletRequest)]
2019-07-04 16:36:45.263 INFO [main]o.s.scheduling.concurrent.ThreadPoolTaskExecutor.initialize:171 -Initializing ExecutorService 'applicationTaskExecutor'
2019-07-04 16:36:45.531 INFO [main]s.d.spring.web.plugins.DocumentationPluginsBootstrapper.start:160 -Context refreshed
2019-07-04 16:36:45.564 INFO [main]s.d.spring.web.plugins.DocumentationPluginsBootstrapper.start:163 -Found 1 custom documentation plugin(s)
2019-07-04 16:36:45.612 INFO [main]s.d.spring.web.scanners.ApiListingReferenceScanner.scan:41 -Scanning for api listing references
2019-07-04 16:36:45.870 INFO [main]org.apache.coyote.http11.Http11NioProtocol.log:173 -Starting ProtocolHandler ["http-nio-8080"]
2019-07-04 16:36:45.885 INFO [main]org.apache.tomcat.util.net.NioSelectorPool.log:173 -Using a shared selector for servlet write/read
2019-07-04 16:36:45.908 INFO [main]o.s.boot.web.embedded.tomcat.TomcatWebServer.start:204 -Tomcat started on port(s): 8080 (http) with context path ''
2019-07-04 16:36:45.911 INFO [main]com.climber.swagger.SwaggerApplication.logStarted:59 -Started SwaggerApplication in 4.469 seconds (JVM running for 4.958)
2019-07-04 16:36:53.590 INFO [http-nio-8080-exec-1]o.a.catalina.core.ContainerBase.[Tomcat].[localhost].[/].log:173 -Initializing Spring DispatcherServlet 'dispatcherServlet'
2019-07-04 16:36:53.590 INFO [http-nio-8080-exec-1]org.springframework.web.servlet.DispatcherServlet.initServletBean:524 -Initializing Servlet 'dispatcherServlet'
2019-07-04 16:36:53.600 INFO [http-nio-8080-exec-1]org.springframework.web.servlet.DispatcherServlet.initServletBean:546 -Completed initialization in 10 ms
